{"C:\\dev\\azure\\solteq-example\\demo_app\\app.js": {"path":"C:\\dev\\azure\\solteq-example\\demo_app\\app.js","statementMap":{"0":{"start":{"line":1,"column":15},"end":{"line":1,"column":40}},"1":{"start":{"line":2,"column":16},"end":{"line":2,"column":34}},"2":{"start":{"line":3,"column":12},"end":{"line":3,"column":21}},"3":{"start":{"line":4,"column":13},"end":{"line":4,"column":28}},"4":{"start":{"line":5,"column":19},"end":{"line":5,"column":48}},"5":{"start":{"line":6,"column":19},"end":{"line":6,"column":48}},"6":{"start":{"line":7,"column":20},"end":{"line":7,"column":50}},"7":{"start":{"line":8,"column":17},"end":{"line":8,"column":44}},"8":{"start":{"line":9,"column":17},"end":{"line":9,"column":36}},"9":{"start":{"line":13,"column":0},"end":{"line":13,"column":37}},"10":{"start":{"line":14,"column":0},"end":{"line":22,"column":5}},"11":{"start":{"line":21,"column":4},"end":{"line":21,"column":35}},"12":{"start":{"line":24,"column":0},"end":{"line":24,"column":16}},"13":{"start":{"line":25,"column":0},"end":{"line":25,"column":33}},"14":{"start":{"line":26,"column":0},"end":{"line":26,"column":24}},"15":{"start":{"line":27,"column":0},"end":{"line":27,"column":30}},"16":{"start":{"line":28,"column":0},"end":{"line":28,"column":33}},"17":{"start":{"line":29,"column":0},"end":{"line":29,"column":33}},"18":{"start":{"line":30,"column":0},"end":{"line":30,"column":35}},"19":{"start":{"line":31,"column":0},"end":{"line":31,"column":25}},"20":{"start":{"line":37,"column":0},"end":{"line":37,"column":21}}},"fnMap":{"0":{"name":"(anonymous_0)","decl":{"start":{"line":20,"column":9},"end":{"line":20,"column":10}},"loc":{"start":{"line":20,"column":20},"end":{"line":22,"column":3}},"line":20}},"branchMap":{},"s":{"0":3,"1":3,"2":3,"3":3,"4":3,"5":3,"6":3,"7":3,"8":3,"9":3,"10":3,"11":0,"12":3,"13":3,"14":3,"15":3,"16":3,"17":3,"18":3,"19":3,"20":3},"f":{"0":0},"b":{},"_coverageSchema":"1a1c01bbd47fc00a2c39e90264f33305004495a9","hash":"d3de136e8d5288f43708696eb8d8b371c179ae4f"}
,"C:\\dev\\azure\\solteq-example\\demo_app\\controllers\\data.js": {"path":"C:\\dev\\azure\\solteq-example\\demo_app\\controllers\\data.js","statementMap":{"0":{"start":{"line":1,"column":19},"end":{"line":1,"column":46}},"1":{"start":{"line":2,"column":13},"end":{"line":2,"column":28}},"2":{"start":{"line":3,"column":16},"end":{"line":3,"column":34}},"3":{"start":{"line":4,"column":23},"end":{"line":4,"column":56}},"4":{"start":{"line":7,"column":0},"end":{"line":31,"column":3}},"5":{"start":{"line":8,"column":2},"end":{"line":8,"column":47}},"6":{"start":{"line":9,"column":2},"end":{"line":30,"column":3}},"7":{"start":{"line":10,"column":4},"end":{"line":29,"column":5}},"8":{"start":{"line":11,"column":20},"end":{"line":13,"column":7}},"9":{"start":{"line":15,"column":20},"end":{"line":18,"column":7}},"10":{"start":{"line":21,"column":8},"end":{"line":23,"column":9}},"11":{"start":{"line":22,"column":10},"end":{"line":22,"column":25}},"12":{"start":{"line":26,"column":6},"end":{"line":26,"column":33}},"13":{"start":{"line":28,"column":6},"end":{"line":28,"column":30}},"14":{"start":{"line":32,"column":0},"end":{"line":58,"column":3}},"15":{"start":{"line":33,"column":2},"end":{"line":33,"column":33}},"16":{"start":{"line":34,"column":2},"end":{"line":34,"column":40}},"17":{"start":{"line":35,"column":2},"end":{"line":57,"column":3}},"18":{"start":{"line":36,"column":4},"end":{"line":56,"column":5}},"19":{"start":{"line":37,"column":20},"end":{"line":39,"column":7}},"20":{"start":{"line":41,"column":20},"end":{"line":44,"column":7}},"21":{"start":{"line":47,"column":8},"end":{"line":50,"column":9}},"22":{"start":{"line":49,"column":10},"end":{"line":49,"column":25}},"23":{"start":{"line":53,"column":6},"end":{"line":53,"column":33}},"24":{"start":{"line":55,"column":6},"end":{"line":55,"column":30}},"25":{"start":{"line":59,"column":0},"end":{"line":88,"column":3}},"26":{"start":{"line":60,"column":2},"end":{"line":60,"column":31}},"27":{"start":{"line":62,"column":2},"end":{"line":87,"column":3}},"28":{"start":{"line":63,"column":4},"end":{"line":86,"column":5}},"29":{"start":{"line":64,"column":20},"end":{"line":66,"column":7}},"30":{"start":{"line":68,"column":20},"end":{"line":74,"column":7}},"31":{"start":{"line":77,"column":8},"end":{"line":80,"column":9}},"32":{"start":{"line":78,"column":10},"end":{"line":78,"column":48}},"33":{"start":{"line":79,"column":10},"end":{"line":79,"column":25}},"34":{"start":{"line":83,"column":6},"end":{"line":83,"column":33}},"35":{"start":{"line":85,"column":6},"end":{"line":85,"column":30}},"36":{"start":{"line":89,"column":0},"end":{"line":115,"column":3}},"37":{"start":{"line":90,"column":2},"end":{"line":90,"column":30}},"38":{"start":{"line":91,"column":2},"end":{"line":91,"column":40}},"39":{"start":{"line":92,"column":2},"end":{"line":114,"column":3}},"40":{"start":{"line":93,"column":4},"end":{"line":113,"column":5}},"41":{"start":{"line":94,"column":20},"end":{"line":96,"column":7}},"42":{"start":{"line":98,"column":20},"end":{"line":101,"column":7}},"43":{"start":{"line":104,"column":8},"end":{"line":107,"column":9}},"44":{"start":{"line":105,"column":10},"end":{"line":105,"column":47}},"45":{"start":{"line":106,"column":10},"end":{"line":106,"column":25}},"46":{"start":{"line":110,"column":6},"end":{"line":110,"column":33}},"47":{"start":{"line":112,"column":6},"end":{"line":112,"column":30}},"48":{"start":{"line":116,"column":0},"end":{"line":159,"column":3}},"49":{"start":{"line":117,"column":2},"end":{"line":117,"column":33}},"50":{"start":{"line":118,"column":2},"end":{"line":118,"column":40}},"51":{"start":{"line":119,"column":2},"end":{"line":158,"column":3}},"52":{"start":{"line":120,"column":23},"end":{"line":120,"column":50}},"53":{"start":{"line":121,"column":26},"end":{"line":121,"column":43}},"54":{"start":{"line":122,"column":22},"end":{"line":122,"column":24}},"55":{"start":{"line":123,"column":12},"end":{"line":123,"column":13}},"56":{"start":{"line":124,"column":4},"end":{"line":140,"column":5}},"57":{"start":{"line":125,"column":6},"end":{"line":139,"column":7}},"58":{"start":{"line":126,"column":22},"end":{"line":128,"column":9}},"59":{"start":{"line":130,"column":22},"end":{"line":133,"column":9}},"60":{"start":{"line":135,"column":23},"end":{"line":135,"column":52}},"61":{"start":{"line":136,"column":8},"end":{"line":136,"column":45}},"62":{"start":{"line":138,"column":8},"end":{"line":138,"column":32}},"63":{"start":{"line":141,"column":4},"end":{"line":157,"column":5}},"64":{"start":{"line":142,"column":24},"end":{"line":142,"column":54}},"65":{"start":{"line":142,"column":47},"end":{"line":142,"column":53}},"66":{"start":{"line":143,"column":17},"end":{"line":143,"column":19}},"67":{"start":{"line":144,"column":6},"end":{"line":148,"column":7}},"68":{"start":{"line":145,"column":8},"end":{"line":147,"column":9}},"69":{"start":{"line":146,"column":10},"end":{"line":146,"column":36}},"70":{"start":{"line":149,"column":29},"end":{"line":155,"column":7}},"71":{"start":{"line":156,"column":6},"end":{"line":156,"column":47}},"72":{"start":{"line":161,"column":0},"end":{"line":161,"column":28}}},"fnMap":{"0":{"name":"(anonymous_0)","decl":{"start":{"line":7,"column":20},"end":{"line":7,"column":21}},"loc":{"start":{"line":7,"column":40},"end":{"line":31,"column":1}},"line":7},"1":{"name":"callback","decl":{"start":{"line":20,"column":15},"end":{"line":20,"column":23}},"loc":{"start":{"line":20,"column":47},"end":{"line":24,"column":7}},"line":20},"2":{"name":"(anonymous_2)","decl":{"start":{"line":32,"column":32},"end":{"line":32,"column":33}},"loc":{"start":{"line":32,"column":52},"end":{"line":58,"column":1}},"line":32},"3":{"name":"callback","decl":{"start":{"line":46,"column":15},"end":{"line":46,"column":23}},"loc":{"start":{"line":46,"column":47},"end":{"line":51,"column":7}},"line":46},"4":{"name":"(anonymous_4)","decl":{"start":{"line":59,"column":28},"end":{"line":59,"column":29}},"loc":{"start":{"line":59,"column":48},"end":{"line":88,"column":1}},"line":59},"5":{"name":"callback","decl":{"start":{"line":76,"column":15},"end":{"line":76,"column":23}},"loc":{"start":{"line":76,"column":47},"end":{"line":81,"column":7}},"line":76},"6":{"name":"(anonymous_6)","decl":{"start":{"line":89,"column":26},"end":{"line":89,"column":27}},"loc":{"start":{"line":89,"column":46},"end":{"line":115,"column":1}},"line":89},"7":{"name":"callback","decl":{"start":{"line":103,"column":15},"end":{"line":103,"column":23}},"loc":{"start":{"line":103,"column":47},"end":{"line":108,"column":7}},"line":103},"8":{"name":"(anonymous_8)","decl":{"start":{"line":116,"column":32},"end":{"line":116,"column":33}},"loc":{"start":{"line":116,"column":52},"end":{"line":159,"column":1}},"line":116},"9":{"name":"(anonymous_9)","decl":{"start":{"line":142,"column":40},"end":{"line":142,"column":41}},"loc":{"start":{"line":142,"column":47},"end":{"line":142,"column":53}},"line":142}},"branchMap":{"0":{"loc":{"start":{"line":9,"column":2},"end":{"line":30,"column":3}},"type":"if","locations":[{"start":{"line":9,"column":2},"end":{"line":30,"column":3}},{"start":{"line":9,"column":2},"end":{"line":30,"column":3}}],"line":9},"1":{"loc":{"start":{"line":21,"column":8},"end":{"line":23,"column":9}},"type":"if","locations":[{"start":{"line":21,"column":8},"end":{"line":23,"column":9}},{"start":{"line":21,"column":8},"end":{"line":23,"column":9}}],"line":21},"2":{"loc":{"start":{"line":21,"column":12},"end":{"line":21,"column":48}},"type":"binary-expr","locations":[{"start":{"line":21,"column":12},"end":{"line":21,"column":18}},{"start":{"line":21,"column":22},"end":{"line":21,"column":48}}],"line":21},"3":{"loc":{"start":{"line":35,"column":2},"end":{"line":57,"column":3}},"type":"if","locations":[{"start":{"line":35,"column":2},"end":{"line":57,"column":3}},{"start":{"line":35,"column":2},"end":{"line":57,"column":3}}],"line":35},"4":{"loc":{"start":{"line":47,"column":8},"end":{"line":50,"column":9}},"type":"if","locations":[{"start":{"line":47,"column":8},"end":{"line":50,"column":9}},{"start":{"line":47,"column":8},"end":{"line":50,"column":9}}],"line":47},"5":{"loc":{"start":{"line":47,"column":12},"end":{"line":47,"column":48}},"type":"binary-expr","locations":[{"start":{"line":47,"column":12},"end":{"line":47,"column":18}},{"start":{"line":47,"column":22},"end":{"line":47,"column":48}}],"line":47},"6":{"loc":{"start":{"line":62,"column":2},"end":{"line":87,"column":3}},"type":"if","locations":[{"start":{"line":62,"column":2},"end":{"line":87,"column":3}},{"start":{"line":62,"column":2},"end":{"line":87,"column":3}}],"line":62},"7":{"loc":{"start":{"line":77,"column":8},"end":{"line":80,"column":9}},"type":"if","locations":[{"start":{"line":77,"column":8},"end":{"line":80,"column":9}},{"start":{"line":77,"column":8},"end":{"line":80,"column":9}}],"line":77},"8":{"loc":{"start":{"line":77,"column":12},"end":{"line":77,"column":48}},"type":"binary-expr","locations":[{"start":{"line":77,"column":12},"end":{"line":77,"column":18}},{"start":{"line":77,"column":22},"end":{"line":77,"column":48}}],"line":77},"9":{"loc":{"start":{"line":92,"column":2},"end":{"line":114,"column":3}},"type":"if","locations":[{"start":{"line":92,"column":2},"end":{"line":114,"column":3}},{"start":{"line":92,"column":2},"end":{"line":114,"column":3}}],"line":92},"10":{"loc":{"start":{"line":104,"column":8},"end":{"line":107,"column":9}},"type":"if","locations":[{"start":{"line":104,"column":8},"end":{"line":107,"column":9}},{"start":{"line":104,"column":8},"end":{"line":107,"column":9}}],"line":104},"11":{"loc":{"start":{"line":104,"column":12},"end":{"line":104,"column":48}},"type":"binary-expr","locations":[{"start":{"line":104,"column":12},"end":{"line":104,"column":18}},{"start":{"line":104,"column":22},"end":{"line":104,"column":48}}],"line":104},"12":{"loc":{"start":{"line":119,"column":2},"end":{"line":158,"column":3}},"type":"if","locations":[{"start":{"line":119,"column":2},"end":{"line":158,"column":3}},{"start":{"line":119,"column":2},"end":{"line":158,"column":3}}],"line":119},"13":{"loc":{"start":{"line":141,"column":4},"end":{"line":157,"column":5}},"type":"if","locations":[{"start":{"line":141,"column":4},"end":{"line":157,"column":5}},{"start":{"line":141,"column":4},"end":{"line":157,"column":5}}],"line":141}},"s":{"0":3,"1":3,"2":3,"3":3,"4":3,"5":1,"6":1,"7":1,"8":1,"9":1,"10":1,"11":1,"12":1,"13":0,"14":3,"15":0,"16":0,"17":0,"18":0,"19":0,"20":0,"21":0,"22":0,"23":0,"24":0,"25":3,"26":0,"27":0,"28":0,"29":0,"30":0,"31":0,"32":0,"33":0,"34":0,"35":0,"36":3,"37":1,"38":1,"39":1,"40":1,"41":1,"42":1,"43":1,"44":1,"45":1,"46":1,"47":0,"48":3,"49":1,"50":1,"51":1,"52":1,"53":1,"54":1,"55":1,"56":1,"57":2,"58":2,"59":2,"60":2,"61":2,"62":0,"63":1,"64":1,"65":2,"66":1,"67":1,"68":2,"69":5,"70":1,"71":1,"72":3},"f":{"0":1,"1":1,"2":0,"3":0,"4":0,"5":0,"6":1,"7":1,"8":1,"9":2},"b":{"0":[1,0],"1":[1,0],"2":[1,1],"3":[0,0],"4":[0,0],"5":[0,0],"6":[0,0],"7":[0,0],"8":[0,0],"9":[1,0],"10":[1,0],"11":[1,1],"12":[1,0],"13":[1,0]},"_coverageSchema":"1a1c01bbd47fc00a2c39e90264f33305004495a9","hash":"9ea18aa4302b690b04a51796f44c589c87eccd85"}
,"C:\\dev\\azure\\solteq-example\\demo_app\\controllers\\db.js": {"path":"C:\\dev\\azure\\solteq-example\\demo_app\\controllers\\db.js","statementMap":{"0":{"start":{"line":1,"column":17},"end":{"line":1,"column":44}},"1":{"start":{"line":2,"column":13},"end":{"line":2,"column":38}},"2":{"start":{"line":10,"column":0},"end":{"line":41,"column":5}},"3":{"start":{"line":13,"column":17},"end":{"line":13,"column":25}},"4":{"start":{"line":14,"column":17},"end":{"line":14,"column":64}},"5":{"start":{"line":15,"column":4},"end":{"line":22,"column":5}},"6":{"start":{"line":16,"column":6},"end":{"line":16,"column":36}},"7":{"start":{"line":17,"column":6},"end":{"line":17,"column":45}},"8":{"start":{"line":18,"column":6},"end":{"line":18,"column":24}},"9":{"start":{"line":19,"column":6},"end":{"line":19,"column":24}},"10":{"start":{"line":21,"column":6},"end":{"line":21,"column":39}},"11":{"start":{"line":25,"column":4},"end":{"line":25,"column":36}},"12":{"start":{"line":26,"column":17},"end":{"line":26,"column":25}},"13":{"start":{"line":27,"column":4},"end":{"line":27,"column":40}},"14":{"start":{"line":28,"column":17},"end":{"line":28,"column":64}},"15":{"start":{"line":30,"column":4},"end":{"line":40,"column":5}},"16":{"start":{"line":31,"column":20},"end":{"line":31,"column":52}},"17":{"start":{"line":32,"column":6},"end":{"line":32,"column":39}},"18":{"start":{"line":35,"column":6},"end":{"line":35,"column":62}},"19":{"start":{"line":36,"column":6},"end":{"line":36,"column":24}},"20":{"start":{"line":37,"column":6},"end":{"line":37,"column":36}},"21":{"start":{"line":39,"column":6},"end":{"line":39,"column":41}},"22":{"start":{"line":42,"column":0},"end":{"line":42,"column":26}}},"fnMap":{"0":{"name":"(anonymous_0)","decl":{"start":{"line":12,"column":8},"end":{"line":12,"column":9}},"loc":{"start":{"line":12,"column":28},"end":{"line":23,"column":3}},"line":12},"1":{"name":"(anonymous_1)","decl":{"start":{"line":24,"column":10},"end":{"line":24,"column":11}},"loc":{"start":{"line":24,"column":30},"end":{"line":41,"column":3}},"line":24}},"branchMap":{"0":{"loc":{"start":{"line":15,"column":4},"end":{"line":22,"column":5}},"type":"if","locations":[{"start":{"line":15,"column":4},"end":{"line":22,"column":5}},{"start":{"line":15,"column":4},"end":{"line":22,"column":5}}],"line":15},"1":{"loc":{"start":{"line":30,"column":4},"end":{"line":40,"column":5}},"type":"if","locations":[{"start":{"line":30,"column":4},"end":{"line":40,"column":5}},{"start":{"line":30,"column":4},"end":{"line":40,"column":5}}],"line":30}},"s":{"0":3,"1":3,"2":3,"3":3,"4":3,"5":3,"6":3,"7":3,"8":3,"9":3,"10":0,"11":1,"12":1,"13":1,"14":1,"15":1,"16":1,"17":1,"18":1,"19":1,"20":1,"21":0,"22":3},"f":{"0":3,"1":1},"b":{"0":[3,0],"1":[1,0]},"_coverageSchema":"1a1c01bbd47fc00a2c39e90264f33305004495a9","hash":"df54b0c0b3e8c074f3806dd9dca6b831fa6a0619"}
,"C:\\dev\\azure\\solteq-example\\demo_app\\controllers\\login.js": {"path":"C:\\dev\\azure\\solteq-example\\demo_app\\controllers\\login.js","statementMap":{"0":{"start":{"line":1,"column":12},"end":{"line":1,"column":35}},"1":{"start":{"line":2,"column":15},"end":{"line":2,"column":34}},"2":{"start":{"line":3,"column":20},"end":{"line":3,"column":47}},"3":{"start":{"line":4,"column":13},"end":{"line":4,"column":38}},"4":{"start":{"line":5,"column":30},"end":{"line":5,"column":48}},"5":{"start":{"line":7,"column":16},"end":{"line":7,"column":21}},"6":{"start":{"line":9,"column":0},"end":{"line":38,"column":3}},"7":{"start":{"line":10,"column":2},"end":{"line":37,"column":3}},"8":{"start":{"line":11,"column":4},"end":{"line":11,"column":47}},"9":{"start":{"line":12,"column":17},"end":{"line":12,"column":29}},"10":{"start":{"line":13,"column":4},"end":{"line":13,"column":41}},"11":{"start":{"line":14,"column":17},"end":{"line":14,"column":64}},"12":{"start":{"line":16,"column":6},"end":{"line":18,"column":64}},"13":{"start":{"line":19,"column":4},"end":{"line":24,"column":5}},"14":{"start":{"line":20,"column":6},"end":{"line":20,"column":34}},"15":{"start":{"line":21,"column":6},"end":{"line":23,"column":57}},"16":{"start":{"line":25,"column":22},"end":{"line":28,"column":5}},"17":{"start":{"line":29,"column":18},"end":{"line":29,"column":57}},"18":{"start":{"line":30,"column":4},"end":{"line":30,"column":56}},"19":{"start":{"line":31,"column":4},"end":{"line":33,"column":77}},"20":{"start":{"line":35,"column":4},"end":{"line":35,"column":44}},"21":{"start":{"line":36,"column":4},"end":{"line":36,"column":16}},"22":{"start":{"line":40,"column":0},"end":{"line":40,"column":29}}},"fnMap":{"0":{"name":"(anonymous_0)","decl":{"start":{"line":9,"column":22},"end":{"line":9,"column":23}},"loc":{"start":{"line":9,"column":57},"end":{"line":38,"column":1}},"line":9}},"branchMap":{"0":{"loc":{"start":{"line":11,"column":4},"end":{"line":11,"column":46}},"type":"binary-expr","locations":[{"start":{"line":11,"column":4},"end":{"line":11,"column":11}},{"start":{"line":11,"column":15},"end":{"line":11,"column":46}}],"line":11},"1":{"loc":{"start":{"line":13,"column":4},"end":{"line":13,"column":40}},"type":"binary-expr","locations":[{"start":{"line":13,"column":4},"end":{"line":13,"column":11}},{"start":{"line":13,"column":15},"end":{"line":13,"column":40}}],"line":13},"2":{"loc":{"start":{"line":16,"column":6},"end":{"line":18,"column":64}},"type":"cond-expr","locations":[{"start":{"line":17,"column":10},"end":{"line":17,"column":15}},{"start":{"line":18,"column":10},"end":{"line":18,"column":64}}],"line":16},"3":{"loc":{"start":{"line":19,"column":4},"end":{"line":24,"column":5}},"type":"if","locations":[{"start":{"line":19,"column":4},"end":{"line":24,"column":5}},{"start":{"line":19,"column":4},"end":{"line":24,"column":5}}],"line":19},"4":{"loc":{"start":{"line":19,"column":10},"end":{"line":19,"column":33}},"type":"binary-expr","locations":[{"start":{"line":19,"column":10},"end":{"line":19,"column":14}},{"start":{"line":19,"column":18},"end":{"line":19,"column":33}}],"line":19},"5":{"loc":{"start":{"line":30,"column":4},"end":{"line":30,"column":55}},"type":"binary-expr","locations":[{"start":{"line":30,"column":4},"end":{"line":30,"column":11}},{"start":{"line":30,"column":15},"end":{"line":30,"column":55}}],"line":30}},"s":{"0":3,"1":3,"2":3,"3":3,"4":3,"5":3,"6":3,"7":7,"8":7,"9":7,"10":7,"11":7,"12":7,"13":7,"14":2,"15":2,"16":5,"17":5,"18":5,"19":5,"20":0,"21":0,"22":3},"f":{"0":7},"b":{"0":[7,0],"1":[7,0],"2":[1,6],"3":[2,5],"4":[7,6],"5":[5,0]},"_coverageSchema":"1a1c01bbd47fc00a2c39e90264f33305004495a9","hash":"e7d0b5b96f0b3e8f1a145e82a913586a7be6c60d"}
,"C:\\dev\\azure\\solteq-example\\demo_app\\controllers\\user.js": {"path":"C:\\dev\\azure\\solteq-example\\demo_app\\controllers\\user.js","statementMap":{"0":{"start":{"line":1,"column":15},"end":{"line":1,"column":34}},"1":{"start":{"line":2,"column":19},"end":{"line":2,"column":46}},"2":{"start":{"line":3,"column":13},"end":{"line":3,"column":38}},"3":{"start":{"line":5,"column":0},"end":{"line":22,"column":3}},"4":{"start":{"line":6,"column":2},"end":{"line":6,"column":33}},"5":{"start":{"line":7,"column":2},"end":{"line":21,"column":3}},"6":{"start":{"line":8,"column":17},"end":{"line":8,"column":29}},"7":{"start":{"line":9,"column":23},"end":{"line":9,"column":25}},"8":{"start":{"line":10,"column":25},"end":{"line":10,"column":69}},"9":{"start":{"line":12,"column":17},"end":{"line":16,"column":6}},"10":{"start":{"line":17,"column":22},"end":{"line":17,"column":39}},"11":{"start":{"line":18,"column":4},"end":{"line":18,"column":29}},"12":{"start":{"line":20,"column":4},"end":{"line":20,"column":37}},"13":{"start":{"line":24,"column":0},"end":{"line":24,"column":28}}},"fnMap":{"0":{"name":"(anonymous_0)","decl":{"start":{"line":5,"column":21},"end":{"line":5,"column":22}},"loc":{"start":{"line":5,"column":50},"end":{"line":22,"column":1}},"line":5}},"branchMap":{},"s":{"0":3,"1":3,"2":3,"3":3,"4":2,"5":2,"6":2,"7":2,"8":2,"9":2,"10":2,"11":1,"12":1,"13":3},"f":{"0":2},"b":{},"_coverageSchema":"1a1c01bbd47fc00a2c39e90264f33305004495a9","hash":"206e465e4f254faded5ddfbfe1e17b9cdd744f7f"}
,"C:\\dev\\azure\\solteq-example\\demo_app\\models\\user.js": {"path":"C:\\dev\\azure\\solteq-example\\demo_app\\models\\user.js","statementMap":{"0":{"start":{"line":1,"column":15},"end":{"line":1,"column":34}},"1":{"start":{"line":2,"column":22},"end":{"line":2,"column":58}},"2":{"start":{"line":4,"column":17},"end":{"line":8,"column":2}},"3":{"start":{"line":9,"column":0},"end":{"line":9,"column":35}},"4":{"start":{"line":11,"column":0},"end":{"line":18,"column":3}},"5":{"start":{"line":13,"column":4},"end":{"line":13,"column":54}},"6":{"start":{"line":14,"column":4},"end":{"line":14,"column":30}},"7":{"start":{"line":15,"column":4},"end":{"line":15,"column":30}},"8":{"start":{"line":16,"column":4},"end":{"line":16,"column":39}},"9":{"start":{"line":19,"column":13},"end":{"line":19,"column":47}},"10":{"start":{"line":20,"column":0},"end":{"line":20,"column":22}}},"fnMap":{"0":{"name":"(anonymous_0)","decl":{"start":{"line":12,"column":13},"end":{"line":12,"column":14}},"loc":{"start":{"line":12,"column":43},"end":{"line":17,"column":3}},"line":12}},"branchMap":{},"s":{"0":3,"1":3,"2":3,"3":3,"4":3,"5":1,"6":1,"7":1,"8":1,"9":3,"10":3},"f":{"0":1},"b":{},"_coverageSchema":"1a1c01bbd47fc00a2c39e90264f33305004495a9","hash":"b97949b5190cf2cef1ef1440f33c5a4920937d07"}
,"C:\\dev\\azure\\solteq-example\\demo_app\\utils\\config.js": {"path":"C:\\dev\\azure\\solteq-example\\demo_app\\utils\\config.js","statementMap":{"0":{"start":{"line":1,"column":0},"end":{"line":1,"column":27}},"1":{"start":{"line":3,"column":11},"end":{"line":3,"column":27}},"2":{"start":{"line":4,"column":18},"end":{"line":4,"column":41}},"3":{"start":{"line":6,"column":0},"end":{"line":9,"column":1}},"4":{"start":{"line":7,"column":2},"end":{"line":7,"column":51}},"5":{"start":{"line":8,"column":2},"end":{"line":8,"column":45}},"6":{"start":{"line":11,"column":0},"end":{"line":14,"column":2}}},"fnMap":{},"branchMap":{"0":{"loc":{"start":{"line":6,"column":0},"end":{"line":9,"column":1}},"type":"if","locations":[{"start":{"line":6,"column":0},"end":{"line":9,"column":1}},{"start":{"line":6,"column":0},"end":{"line":9,"column":1}}],"line":6}},"s":{"0":3,"1":3,"2":3,"3":3,"4":3,"5":3,"6":3},"f":{},"b":{"0":[3,0]},"_coverageSchema":"1a1c01bbd47fc00a2c39e90264f33305004495a9","hash":"f376e5a639669e126faa79d7d5ec23b0dff4c75c"}
}
