TN:
SF:app.js
FN:20,(anonymous_0)
FNF:1
FNH:0
FNDA:0,(anonymous_0)
DA:1,3
DA:2,3
DA:3,3
DA:4,3
DA:5,3
DA:6,3
DA:7,3
DA:8,3
DA:9,3
DA:13,3
DA:14,3
DA:21,0
DA:24,3
DA:25,3
DA:26,3
DA:27,3
DA:28,3
DA:29,3
DA:30,3
DA:31,3
DA:37,3
LF:21
LH:20
BRF:0
BRH:0
end_of_record
TN:
SF:controllers\data.js
FN:7,(anonymous_0)
FN:20,callback
FN:32,(anonymous_2)
FN:46,callback
FN:59,(anonymous_4)
FN:76,callback
FN:89,(anonymous_6)
FN:103,callback
FN:116,(anonymous_8)
FN:142,(anonymous_9)
FNF:10
FNH:6
FNDA:1,(anonymous_0)
FNDA:1,callback
FNDA:0,(anonymous_2)
FNDA:0,callback
FNDA:0,(anonymous_4)
FNDA:0,callback
FNDA:1,(anonymous_6)
FNDA:1,callback
FNDA:1,(anonymous_8)
FNDA:2,(anonymous_9)
DA:1,3
DA:2,3
DA:3,3
DA:4,3
DA:7,3
DA:8,1
DA:9,1
DA:10,1
DA:11,1
DA:15,1
DA:21,1
DA:22,1
DA:26,1
DA:28,0
DA:32,3
DA:33,0
DA:34,0
DA:35,0
DA:36,0
DA:37,0
DA:41,0
DA:47,0
DA:49,0
DA:53,0
DA:55,0
DA:59,3
DA:60,0
DA:62,0
DA:63,0
DA:64,0
DA:68,0
DA:77,0
DA:78,0
DA:79,0
DA:83,0
DA:85,0
DA:89,3
DA:90,1
DA:91,1
DA:92,1
DA:93,1
DA:94,1
DA:98,1
DA:104,1
DA:105,1
DA:106,1
DA:110,1
DA:112,0
DA:116,3
DA:117,1
DA:118,1
DA:119,1
DA:120,1
DA:121,1
DA:122,1
DA:123,1
DA:124,1
DA:125,2
DA:126,2
DA:130,2
DA:135,2
DA:136,2
DA:138,0
DA:141,1
DA:142,2
DA:143,1
DA:144,1
DA:145,2
DA:146,5
DA:149,1
DA:156,1
DA:161,3
LF:72
LH:49
BRDA:9,0,0,1
BRDA:9,0,1,0
BRDA:21,1,0,1
BRDA:21,1,1,0
BRDA:21,2,0,1
BRDA:21,2,1,1
BRDA:35,3,0,0
BRDA:35,3,1,0
BRDA:47,4,0,0
BRDA:47,4,1,0
BRDA:47,5,0,0
BRDA:47,5,1,0
BRDA:62,6,0,0
BRDA:62,6,1,0
BRDA:77,7,0,0
BRDA:77,7,1,0
BRDA:77,8,0,0
BRDA:77,8,1,0
BRDA:92,9,0,1
BRDA:92,9,1,0
BRDA:104,10,0,1
BRDA:104,10,1,0
BRDA:104,11,0,1
BRDA:104,11,1,1
BRDA:119,12,0,1
BRDA:119,12,1,0
BRDA:141,13,0,1
BRDA:141,13,1,0
BRF:28
BRH:10
end_of_record
TN:
SF:controllers\db.js
FN:12,(anonymous_0)
FN:24,(anonymous_1)
FNF:2
FNH:2
FNDA:3,(anonymous_0)
FNDA:1,(anonymous_1)
DA:1,3
DA:2,3
DA:10,3
DA:13,3
DA:14,3
DA:15,3
DA:16,3
DA:17,3
DA:18,3
DA:19,3
DA:21,0
DA:25,1
DA:26,1
DA:27,1
DA:28,1
DA:30,1
DA:31,1
DA:32,1
DA:35,1
DA:36,1
DA:37,1
DA:39,0
DA:42,3
LF:23
LH:21
BRDA:15,0,0,3
BRDA:15,0,1,0
BRDA:30,1,0,1
BRDA:30,1,1,0
BRF:4
BRH:2
end_of_record
TN:
SF:controllers\login.js
FN:9,(anonymous_0)
FNF:1
FNH:1
FNDA:7,(anonymous_0)
DA:1,3
DA:2,3
DA:3,3
DA:4,3
DA:5,3
DA:7,3
DA:9,3
DA:10,7
DA:11,7
DA:12,7
DA:13,7
DA:14,7
DA:16,7
DA:19,7
DA:20,2
DA:21,2
DA:25,5
DA:29,5
DA:30,5
DA:31,5
DA:35,0
DA:36,0
DA:40,3
LF:23
LH:21
BRDA:11,0,0,7
BRDA:11,0,1,0
BRDA:13,1,0,7
BRDA:13,1,1,0
BRDA:16,2,0,1
BRDA:16,2,1,6
BRDA:19,3,0,2
BRDA:19,3,1,5
BRDA:19,4,0,7
BRDA:19,4,1,6
BRDA:30,5,0,5
BRDA:30,5,1,0
BRF:12
BRH:9
end_of_record
TN:
SF:controllers\user.js
FN:5,(anonymous_0)
FNF:1
FNH:1
FNDA:2,(anonymous_0)
DA:1,3
DA:2,3
DA:3,3
DA:5,3
DA:6,2
DA:7,2
DA:8,2
DA:9,2
DA:10,2
DA:12,2
DA:17,2
DA:18,1
DA:20,1
DA:24,3
LF:14
LH:14
BRF:0
BRH:0
end_of_record
TN:
SF:models\user.js
FN:12,(anonymous_0)
FNF:1
FNH:1
FNDA:1,(anonymous_0)
DA:1,3
DA:2,3
DA:4,3
DA:9,3
DA:11,3
DA:13,1
DA:14,1
DA:15,1
DA:16,1
DA:19,3
DA:20,3
LF:11
LH:11
BRF:0
BRH:0
end_of_record
TN:
SF:utils\config.js
FNF:0
FNH:0
DA:1,3
DA:3,3
DA:4,3
DA:6,3
DA:7,3
DA:8,3
DA:11,3
LF:7
LH:7
BRDA:6,0,0,3
BRDA:6,0,1,0
BRF:2
BRH:1
end_of_record
